<?xml version="1.0" encoding="UTF-8"?>
<testng-results ignored="0" total="4" passed="4" failed="0" skipped="0">
  <reporter-output>
  </reporter-output>
  <suite started-at="2025-06-26T08:23:11 IST" name="Default suite" finished-at="2025-06-26T08:23:14 IST" duration-ms="3093">
    <groups>
    </groups>
    <test started-at="2025-06-26T08:23:11 IST" name="Default test" finished-at="2025-06-26T08:23:14 IST" duration-ms="3093">
      <class name="com.api.DynamicJson2">
        <test-method signature="addBook(java.lang.String,java.lang.String)[pri:0, instance:com.api.DynamicJson2@43bc63a3]" started-at="2025-06-26T08:23:11 IST" name="addBook" data-provider="BooksData" finished-at="2025-06-26T08:23:14 IST" duration-ms="2541" status="PASS">
          <params>
            <param index="0">
              <value>
                <![CDATA[bcd]]>
              </value>
            </param>
            <param index="1">
              <value>
                <![CDATA[6262]]>
              </value>
            </param>
          </params>
          <reporter-output>
          </reporter-output>
        </test-method> <!-- addBook -->
        <test-method signature="addBook(java.lang.String,java.lang.String)[pri:0, instance:com.api.DynamicJson2@43bc63a3]" started-at="2025-06-26T08:23:14 IST" name="addBook" data-provider="BooksData" finished-at="2025-06-26T08:23:14 IST" duration-ms="177" status="PASS">
          <params>
            <param index="0">
              <value>
                <![CDATA[bcd]]>
              </value>
            </param>
            <param index="1">
              <value>
                <![CDATA[6161]]>
              </value>
            </param>
          </params>
          <reporter-output>
          </reporter-output>
        </test-method> <!-- addBook -->
        <test-method signature="addBook(java.lang.String,java.lang.String)[pri:0, instance:com.api.DynamicJson2@43bc63a3]" started-at="2025-06-26T08:23:14 IST" name="addBook" data-provider="BooksData" finished-at="2025-06-26T08:23:14 IST" duration-ms="146" status="PASS">
          <params>
            <param index="0">
              <value>
                <![CDATA[bcd]]>
              </value>
            </param>
            <param index="1">
              <value>
                <![CDATA[6363]]>
              </value>
            </param>
          </params>
          <reporter-output>
          </reporter-output>
        </test-method> <!-- addBook -->
        <test-method signature="deleteBook()[pri:0, instance:com.api.DynamicJson2@43bc63a3]" started-at="2025-06-26T08:23:14 IST" name="deleteBook" finished-at="2025-06-26T08:23:14 IST" duration-ms="149" status="PASS">
          <reporter-output>
          </reporter-output>
        </test-method> <!-- deleteBook -->
      </class> <!-- com.api.DynamicJson2 -->
    </test> <!-- Default test -->
  </suite> <!-- Default suite -->
</testng-results>
