<?xml version="1.0" encoding="UTF-8"?>
<!-- Generated by org.testng.reporters.JUnitXMLReporter -->
<testsuite ignored="0" hostname="ShishiraBobbiti" failures="0" tests="4" name="Default test" time="3.093" errors="0" timestamp="2025-06-26T08:23:14 IST">
  <testcase classname="com.api.DynamicJson2" name="addBook" time="2.541"/>
  <testcase classname="com.api.DynamicJson2" name="addBook" time="0.177"/>
  <testcase classname="com.api.DynamicJson2" name="addBook" time="0.146"/>
  <testcase classname="com.api.DynamicJson2" name="deleteBook" time="0.149"/>
</testsuite> <!-- Default test -->
